[debug] [2026-06-19T08:48:10.230Z] ----------------------------------------------------------------------
[debug] [2026-06-19T08:48:10.232Z] Command:       C:\Program Files\nodejs\node.exe C:\Users\Ranjith\AppData\Roaming\npm\node_modules\firebase-tools\lib\bin\firebase.js init
[debug] [2026-06-19T08:48:10.232Z] CLI Version:   15.22.0
[debug] [2026-06-19T08:48:10.232Z] Platform:      win32
[debug] [2026-06-19T08:48:10.232Z] Node Version:  v24.16.0
[debug] [2026-06-19T08:48:10.232Z] Detected Agent: unknown
[debug] [2026-06-19T08:48:10.233Z] Time:          Fri Jun 19 2026 14:18:10 GMT+0530 (India Standard Time)
[debug] [2026-06-19T08:48:10.233Z] ----------------------------------------------------------------------
[debug] 
[debug] [2026-06-19T08:48:11.059Z] Object "/apphosting" in "firebase.json" is missing required property: {"missingProperty":"backendId"}
[debug] [2026-06-19T08:48:11.059Z] Field "/apphosting" in "firebase.json" is possibly invalid: must be array
[debug] [2026-06-19T08:48:11.059Z] Field "/apphosting" in "firebase.json" is possibly invalid: must match a schema in anyOf
[debug] [2026-06-19T08:48:11.062Z] Object "/apphosting" in "firebase.json" is missing required property: {"missingProperty":"backendId"}
[debug] [2026-06-19T08:48:11.062Z] Field "/apphosting" in "firebase.json" is possibly invalid: must be array
[debug] [2026-06-19T08:48:11.062Z] Field "/apphosting" in "firebase.json" is possibly invalid: must match a schema in anyOf
[info] 
     ######## #### ########  ######## ########     ###     ######  ########
     ##        ##  ##     ## ##       ##     ##  ##   ##  ##       ##
     ######    ##  ########  ######   ########  #########  ######  ######
     ##        ##  ##    ##  ##       ##     ## ##     ##       ## ##
     ##       #### ##     ## ######## ########  ##     ##  ######  ########

You're about to initialize a Firebase project in this directory:

  C:\Users\Ranjith\Desktop\NIK-HOST

Before we get started, keep in mind:

  * You are initializing within an existing Firebase project directory

[info] 
=== Project Setup
[info] 
[info] First, let's associate this project directory with a Firebase project.
[info] You can create multiple project aliases by running firebase use --add, 
[info] 
[debug] [2026-06-19T08:48:15.554Z] > command requires scopes: ["email","openid","https://www.googleapis.com/auth/cloudplatformprojects.readonly","https://www.googleapis.com/auth/firebase","https://www.googleapis.com/auth/cloud-platform"]
[debug] [2026-06-19T08:48:15.554Z] > authorizing via signed-in user (niklaussolution@gmail.com)
[debug] [2026-06-19T08:48:15.555Z] Checked if tokens are valid: true, expires at: 1781862118035
[debug] [2026-06-19T08:48:15.555Z] Checked if tokens are valid: true, expires at: 1781862118035
[debug] [2026-06-19T08:48:15.556Z] >>> [apiv2][query] GET https://firebase.googleapis.com/v1beta1/projects/niklaushost [none]
[debug] [2026-06-19T08:48:16.103Z] <<< [apiv2][status] GET https://firebase.googleapis.com/v1beta1/projects/niklaushost 200
[debug] [2026-06-19T08:48:16.103Z] <<< [apiv2][body] GET https://firebase.googleapis.com/v1beta1/projects/niklaushost {"projectId":"niklaushost","projectNumber":"936533338093","displayName":"NIKHOST","name":"projects/niklaushost","resources":{"hostingSite":"niklaushost"},"state":"ACTIVE","etag":"1_47eb1c9d-ce4f-4258-b834-eab96905c6ff"}
[info] i  Using project niklaushost (NIKHOST) . 
[info] 
=== Hosting Setup
[info] 
[debug] [2026-06-19T08:48:21.722Z] Checked if tokens are valid: true, expires at: 1781862118035
[debug] [2026-06-19T08:48:21.722Z] Checked if tokens are valid: true, expires at: 1781862118035
[debug] [2026-06-19T08:48:21.722Z] >>> [apiv2][query] GET https://firebase.googleapis.com/v1beta1/projects/niklaushost [none]
[debug] [2026-06-19T08:48:23.045Z] <<< [apiv2][status] GET https://firebase.googleapis.com/v1beta1/projects/niklaushost 200
[debug] [2026-06-19T08:48:23.045Z] <<< [apiv2][body] GET https://firebase.googleapis.com/v1beta1/projects/niklaushost {"projectId":"niklaushost","projectNumber":"936533338093","displayName":"NIKHOST","name":"projects/niklaushost","resources":{"hostingSite":"niklaushost"},"state":"ACTIVE","etag":"1_47eb1c9d-ce4f-4258-b834-eab96905c6ff"}
[info] 
[info] Your public directory is the folder (relative to your project directory) that
[info] will contain Hosting assets to be uploaded with firebase deploy. If you
[info] have a build process for your assets, use your build's output directory.
[info] 
[debug] [2026-06-19T08:48:30.757Z] ExitPromptError: User force closed the prompt with SIGINT
    at Interface.sigint (C:\Users\Ranjith\AppData\Roaming\npm\node_modules\firebase-tools\node_modules\@inquirer\core\dist\commonjs\lib\create-prompt.js:101:37)
    at Interface.emit (node:events:509:28)
    at [_ttyWrite] [as _ttyWrite] (node:internal/readline/interface:1327:18)
    at ReadStream.onkeypress (node:internal/readline/interface:284:20)
    at ReadStream.emit (node:events:521:24)
    at emitKeys (node:internal/readline/utils:371:14)
    at emitKeys.next (<anonymous>)
    at ReadStream.onData (node:internal/readline/emitKeypressEvents:64:36)
    at ReadStream.emit (node:events:509:28)
    at addChunk (node:internal/streams/readable:563:12)
[error] 
[error] Error: An unexpected error has occurred.
